<?xml version="1.0" encoding="UTF-8" ?>
<testsuite tests="22" failures="3" name="org.example.Runner.Runner" time="1,432.621" errors="0" skipped="0">
  <properties>
    <property name="idea.version" value="2022.1.2"/>
    <property name="java.runtime.name" value="Java(TM) SE Runtime Environment"/>
    <property name="sun.boot.library.path" value="C:\Program Files\Java\jdk1.8.0_333\jre\bin"/>
    <property name="java.vm.version" value="25.333-b02"/>
    <property name="java.vm.vendor" value="Oracle Corporation"/>
    <property name="maven.multiModuleProjectDirectory" value="C:\Users\Mohamed\IdeaProjects\demoNopcommerceProject"/>
    <property name="java.vendor.url" value="http://java.oracle.com/"/>
    <property name="path.separator" value=";"/>
    <property name="guice.disable.misplaced.annotation.check" value="true"/>
    <property name="java.vm.name" value="Java HotSpot(TM) 64-Bit Server VM"/>
    <property name="file.encoding.pkg" value="sun.io"/>
    <property name="user.script" value=""/>
    <property name="user.country" value="US"/>
    <property name="sun.java.launcher" value="SUN_STANDARD"/>
    <property name="sun.os.patch.level" value=""/>
    <property name="java.vm.specification.name" value="Java Virtual Machine Specification"/>
    <property name="user.dir" value="C:\Users\Mohamed\IdeaProjects\demoNopcommerceProject"/>
    <property name="java.runtime.version" value="1.8.0_333-b02"/>
    <property name="java.awt.graphicsenv" value="sun.awt.Win32GraphicsEnvironment"/>
    <property name="java.endorsed.dirs" value="C:\Program Files\Java\jdk1.8.0_333\jre\lib\endorsed"/>
    <property name="os.arch" value="amd64"/>
    <property name="java.io.tmpdir" value="C:\Users\Mohamed\AppData\Local\Temp\"/>
    <property name="line.separator" value="
"/>
    <property name="java.vm.specification.vendor" value="Oracle Corporation"/>
    <property name="user.variant" value=""/>
    <property name="os.name" value="Windows 11"/>
    <property name="maven.ext.class.path" value="C:\Program Files\JetBrains\IntelliJ IDEA Community Edition 2022.1\plugins\maven\lib\maven-event-listener.jar"/>
    <property name="classworlds.conf" value="C:\Program Files\JetBrains\IntelliJ IDEA Community Edition 2022.1\plugins\maven\lib\maven3\bin\m2.conf"/>
    <property name="sun.jnu.encoding" value="Cp1252"/>
    <property name="java.library.path" value="C:\Program Files\Java\jdk1.8.0_333\bin;C:\Windows\Sun\Java\bin;C:\Windows\system32;C:\Windows;C:\Program Files\Common Files\Oracle\Java\javapath;C:\Program Files (x86)\Common Files\Oracle\Java\javapath;C:\Windows\system32;C:\Windows;C:\Windows\System32\Wbem;C:\Windows\System32\WindowsPowerShell\v1.0\;C:\Windows\System32\OpenSSH\;C:\Program Files\Microsoft SQL Server\Client SDK\ODBC\170\Tools\Binn\;C:\Program Files (x86)\Microsoft SQL Server\150\Tools\Binn\;C:\Program Files\Microsoft SQL Server\150\Tools\Binn\;C:\Program Files\Microsoft SQL Server\150\DTS\Binn\;C:\Program Files (x86)\Microsoft SQL Server\150\DTS\Binn\;C:\msys64\usr\bin;C:\MinGW\bin;C:\Users\Mohamed\AppData\Roaming\nvm;C:\Program Files\nodejs;C:\Program Files\Git\cmd;C:\Program Files\JetBrains\IntelliJ IDEA Community Edition 2022.1\plugins\maven\lib\apache-maven-3.8.5\bin;C:\Program Files\Java\jdk1.8.0_333\bin;C:\Users\Mohamed\AppData\Local\Microsoft\WindowsApps;C:\Program Files\Azure Data Studio\bin;C:\Users\Mohamed\AppData\Local\Programs\Microsoft VS Code\bin;C:\Program Files\JetBrains\IntelliJ IDEA Community Edition 2022.1\bin;;C:\Users\Mohamed\AppData\Roaming\nvm;C:\Program Files\nodejs;C:\Users\Mohamed\AppData\Local\GitHubDesktop\bin;."/>
    <property name="maven.conf" value="C:\Program Files\JetBrains\IntelliJ IDEA Community Edition 2022.1\plugins\maven\lib\maven3/conf"/>
    <property name="java.specification.name" value="Java Platform API Specification"/>
    <property name="java.class.version" value="52.0"/>
    <property name="sun.management.compiler" value="HotSpot 64-Bit Tiered Compilers"/>
    <property name="os.version" value="10.0"/>
    <property name="user.home" value="C:\Users\Mohamed"/>
    <property name="user.timezone" value="Africa/Cairo"/>
    <property name="java.awt.printerjob" value="sun.awt.windows.WPrinterJob"/>
    <property name="java.specification.version" value="1.8"/>
    <property name="file.encoding" value="UTF-8"/>
    <property name="user.name" value="Mohamed"/>
    <property name="java.class.path" value="C:\Program Files\JetBrains\IntelliJ IDEA Community Edition 2022.1\plugins\maven\lib\maven3\boot\plexus-classworlds-2.6.0.jar;C:\Program Files\JetBrains\IntelliJ IDEA Community Edition 2022.1\plugins\maven\lib\maven3\boot\plexus-classworlds.license;C:\Program Files\JetBrains\IntelliJ IDEA Community Edition 2022.1\lib\idea_rt.jar"/>
    <property name="java.vm.specification.version" value="1.8"/>
    <property name="sun.arch.data.model" value="64"/>
    <property name="java.home" value="C:\Program Files\Java\jdk1.8.0_333\jre"/>
    <property name="sun.java.command" value="org.codehaus.classworlds.Launcher -Didea.version=2022.1.2 verify"/>
    <property name="java.specification.vendor" value="Oracle Corporation"/>
    <property name="user.language" value="en"/>
    <property name="awt.toolkit" value="sun.awt.windows.WToolkit"/>
    <property name="java.vm.info" value="mixed mode"/>
    <property name="java.version" value="1.8.0_333"/>
    <property name="java.ext.dirs" value="C:\Program Files\Java\jdk1.8.0_333\jre\lib\ext;C:\Windows\Sun\Java\lib\ext"/>
    <property name="sun.boot.class.path" value="C:\Program Files\Java\jdk1.8.0_333\jre\lib\resources.jar;C:\Program Files\Java\jdk1.8.0_333\jre\lib\rt.jar;C:\Program Files\Java\jdk1.8.0_333\jre\lib\sunrsasign.jar;C:\Program Files\Java\jdk1.8.0_333\jre\lib\jsse.jar;C:\Program Files\Java\jdk1.8.0_333\jre\lib\jce.jar;C:\Program Files\Java\jdk1.8.0_333\jre\lib\charsets.jar;C:\Program Files\Java\jdk1.8.0_333\jre\lib\jfr.jar;C:\Program Files\Java\jdk1.8.0_333\jre\classes"/>
    <property name="java.vendor" value="Oracle Corporation"/>
    <property name="maven.home" value="C:\Program Files\JetBrains\IntelliJ IDEA Community Edition 2022.1\plugins\maven\lib\maven3"/>
    <property name="file.separator" value="\"/>
    <property name="java.vendor.url.bug" value="http://bugreport.sun.com/bugreport/"/>
    <property name="sun.cpu.endian" value="little"/>
    <property name="sun.io.unicode.encoding" value="UnicodeLittle"/>
    <property name="sun.desktop" value="windows"/>
    <property name="sun.cpu.isalist" value="amd64"/>
  </properties>
  <testcase classname="org.example.Runner.Runner" name="runScenario" time="71.57"/>
  <testcase classname="org.example.Runner.Runner" name="runScenario" time="37.678"/>
  <testcase classname="org.example.Runner.Runner" name="runScenario" time="38.662"/>
  <testcase classname="org.example.Runner.Runner" name="runScenario" time="41.699"/>
  <testcase classname="org.example.Runner.Runner" name="runScenario" time="57.275"/>
  <testcase classname="org.example.Runner.Runner" name="runScenario" time="51.088"/>
  <testcase classname="org.example.Runner.Runner" name="runScenario" time="56.329"/>
  <testcase classname="org.example.Runner.Runner" name="runScenario" time="66.673"/>
  <testcase classname="org.example.Runner.Runner" name="runScenario" time="69.465"/>
  <testcase classname="org.example.Runner.Runner" name="runScenario" time="72.542"/>
  <testcase classname="org.example.Runner.Runner" name="runScenario" time="70.185"/>
  <testcase classname="org.example.Runner.Runner" name="runScenario" time="77.462"/>
  <testcase classname="org.example.Runner.Runner" name="runScenario" time="78.403"/>
  <testcase classname="org.example.Runner.Runner" name="runScenario" time="54.288"/>
  <testcase classname="org.example.Runner.Runner" name="runScenario" time="77.474"/>
  <testcase classname="org.example.Runner.Runner" name="runScenario" time="100.752"/>
  <testcase classname="org.example.Runner.Runner" name="runScenario" time="52.051">
    <failure message="element not interactable
  (Session info: chrome=102.0.5005.115)
Build info: version: &apos;4.1.4&apos;, revision: &apos;535d840ee2&apos;
System info: host: &apos;NAYEL&apos;, ip: &apos;172.20.32.1&apos;, os.name: &apos;Windows 11&apos;, os.arch: &apos;amd64&apos;, os.version: &apos;10.0&apos;, java.version: &apos;1.8.0_333&apos;
Driver info: org.openqa.selenium.chrome.ChromeDriver
Command: [a7bdfe9252e8666c37fba3c543457432, clickElement {id=5ec59970-662c-47a7-9272-afc03a8c660f}]
Capabilities {acceptInsecureCerts: false, browserName: chrome, browserVersion: 102.0.5005.115, chrome: {chromedriverVersion: 102.0.5005.61 (0e59bcc00cc4..., userDataDir: C:\Users\Mohamed\AppData\Lo...}, goog:chromeOptions: {debuggerAddress: localhost:51756}, javascriptEnabled: true, networkConnectionEnabled: false, pageLoadStrategy: normal, platform: WINDOWS, platformName: WINDOWS, proxy: Proxy(), se:cdp: ws://localhost:51756/devtoo..., se:cdpVersion: 102.0.5005.115, setWindowRect: true, strictFileInteractability: false, timeouts: {implicit: 0, pageLoad: 300000, script: 30000}, unhandledPromptBehavior: dismiss and notify, webauthn:extension:credBlob: true, webauthn:extension:largeBlob: true, webauthn:virtualAuthenticators: true}
Element: [[ChromeDriver: chrome on WINDOWS (a7bdfe9252e8666c37fba3c543457432)] -&gt; css selector: a[href=&quot;/htc-one-m8-android-l-50-lollipop&quot;]]
Session ID: a7bdfe9252e8666c37fba3c543457432" type="org.openqa.selenium.ElementNotInteractableException">org.openqa.selenium.ElementNotInteractableException: element not interactable
  (Session info: chrome=102.0.5005.115)
Build info: version: &apos;4.1.4&apos;, revision: &apos;535d840ee2&apos;
System info: host: &apos;NAYEL&apos;, ip: &apos;172.20.32.1&apos;, os.name: &apos;Windows 11&apos;, os.arch: &apos;amd64&apos;, os.version: &apos;10.0&apos;, java.version: &apos;1.8.0_333&apos;
Driver info: org.openqa.selenium.chrome.ChromeDriver
Command: [a7bdfe9252e8666c37fba3c543457432, clickElement {id=5ec59970-662c-47a7-9272-afc03a8c660f}]
Capabilities {acceptInsecureCerts: false, browserName: chrome, browserVersion: 102.0.5005.115, chrome: {chromedriverVersion: 102.0.5005.61 (0e59bcc00cc4..., userDataDir: C:\Users\Mohamed\AppData\Lo...}, goog:chromeOptions: {debuggerAddress: localhost:51756}, javascriptEnabled: true, networkConnectionEnabled: false, pageLoadStrategy: normal, platform: WINDOWS, platformName: WINDOWS, proxy: Proxy(), se:cdp: ws://localhost:51756/devtoo..., se:cdpVersion: 102.0.5005.115, setWindowRect: true, strictFileInteractability: false, timeouts: {implicit: 0, pageLoad: 300000, script: 30000}, unhandledPromptBehavior: dismiss and notify, webauthn:extension:credBlob: true, webauthn:extension:largeBlob: true, webauthn:virtualAuthenticators: true}
Element: [[ChromeDriver: chrome on WINDOWS (a7bdfe9252e8666c37fba3c543457432)] -&gt; css selector: a[href=&quot;/htc-one-m8-android-l-50-lollipop&quot;]]
Session ID: a7bdfe9252e8666c37fba3c543457432
	at sun.reflect.NativeConstructorAccessorImpl.newInstance0(Native Method)
	at sun.reflect.NativeConstructorAccessorImpl.newInstance(NativeConstructorAccessorImpl.java:62)
	at sun.reflect.DelegatingConstructorAccessorImpl.newInstance(DelegatingConstructorAccessorImpl.java:45)
	at java.lang.reflect.Constructor.newInstance(Constructor.java:423)
	at org.openqa.selenium.remote.codec.w3c.W3CHttpResponseCodec.createException(W3CHttpResponseCodec.java:200)
	at org.openqa.selenium.remote.codec.w3c.W3CHttpResponseCodec.decode(W3CHttpResponseCodec.java:133)
	at org.openqa.selenium.remote.codec.w3c.W3CHttpResponseCodec.decode(W3CHttpResponseCodec.java:53)
	at org.openqa.selenium.remote.HttpCommandExecutor.execute(HttpCommandExecutor.java:184)
	at org.openqa.selenium.remote.service.DriverCommandExecutor.invokeExecute(DriverCommandExecutor.java:167)
	at org.openqa.selenium.remote.service.DriverCommandExecutor.execute(DriverCommandExecutor.java:142)
	at org.openqa.selenium.remote.RemoteWebDriver.execute(RemoteWebDriver.java:567)
	at org.openqa.selenium.remote.RemoteWebElement.execute(RemoteWebElement.java:251)
	at org.openqa.selenium.remote.RemoteWebElement.click(RemoteWebElement.java:77)
	at org.example.StepDefinition.D10_WishStepDef.click_on_HTC_One_M8_Android(D10_WishStepDef.java:15)
	at ✽.click on HTC_One_M8_Android(file:///C:/Users/Mohamed/IdeaProjects/demoNopcommerceProject/src/main/resources/features/F10_Wish.feature:12)
</failure>
    <system-out>
@Runner
Scenario: user could add products to wishlist                     &amp;#27;[90m# src/main/resources/features/F10_Wish.feature:11&amp;#27;[0m
  &amp;#27;[32mGiven &amp;#27;[0m&amp;#27;[32muser navigate to Home page&amp;#27;[0m                                &amp;#27;[90m# org.example.StepDefinition.D02_LoginStepDef.user_navigate_to_Home_page()&amp;#27;[0m
  &amp;#27;[32mAnd &amp;#27;[0m&amp;#27;[32muser click on login&amp;#27;[0m                                         &amp;#27;[90m# org.example.StepDefinition.D02_LoginStepDef.user_click_on_login()&amp;#27;[0m
  &amp;#27;[32mWhen &amp;#27;[0m&amp;#27;[32muser enter valid &quot;&amp;#27;[0m&amp;#27;[32m&amp;#27;[1mtest133@gmail.com&amp;#27;[0m&amp;#27;[32m&quot; and valid &quot;&amp;#27;[0m&amp;#27;[32m&amp;#27;[1mQwert6613&amp;#27;[0m&amp;#27;[32m&quot;&amp;#27;[0m &amp;#27;[90m# org.example.StepDefinition.D02_LoginStepDef.user_enter_valid_email(java.lang.String,java.lang.String)&amp;#27;[0m
  &amp;#27;[32mAnd &amp;#27;[0m&amp;#27;[32muser clicks login button&amp;#27;[0m                                    &amp;#27;[90m# org.example.StepDefinition.D02_LoginStepDef.user_clicks_login_button()&amp;#27;[0m
  &amp;#27;[32mThen &amp;#27;[0m&amp;#27;[32muser logged in successfully&amp;#27;[0m                                &amp;#27;[90m# org.example.StepDefinition.D02_LoginStepDef.user_logged_in_successfully()&amp;#27;[0m
  &amp;#27;[31mWhen &amp;#27;[0m&amp;#27;[31mclick on HTC_One_M8_Android&amp;#27;[0m                                &amp;#27;[90m# org.example.StepDefinition.D10_WishStepDef.click_on_HTC_One_M8_Android()&amp;#27;[0m
      &amp;#27;[31morg.openqa.selenium.ElementNotInteractableException: element not interactable
  (Session info: chrome=102.0.5005.115)
Build info: version: &apos;4.1.4&apos;, revision: &apos;535d840ee2&apos;
System info: host: &apos;NAYEL&apos;, ip: &apos;172.20.32.1&apos;, os.name: &apos;Windows 11&apos;, os.arch: &apos;amd64&apos;, os.version: &apos;10.0&apos;, java.version: &apos;1.8.0_333&apos;
Driver info: org.openqa.selenium.chrome.ChromeDriver
Command: [a7bdfe9252e8666c37fba3c543457432, clickElement {id=5ec59970-662c-47a7-9272-afc03a8c660f}]
Capabilities {acceptInsecureCerts: false, browserName: chrome, browserVersion: 102.0.5005.115, chrome: {chromedriverVersion: 102.0.5005.61 (0e59bcc00cc4..., userDataDir: C:\Users\Mohamed\AppData\Lo...}, goog:chromeOptions: {debuggerAddress: localhost:51756}, javascriptEnabled: true, networkConnectionEnabled: false, pageLoadStrategy: normal, platform: WINDOWS, platformName: WINDOWS, proxy: Proxy(), se:cdp: ws://localhost:51756/devtoo..., se:cdpVersion: 102.0.5005.115, setWindowRect: true, strictFileInteractability: false, timeouts: {implicit: 0, pageLoad: 300000, script: 30000}, unhandledPromptBehavior: dismiss and notify, webauthn:extension:credBlob: true, webauthn:extension:largeBlob: true, webauthn:virtualAuthenticators: true}
Element: [[ChromeDriver: chrome on WINDOWS (a7bdfe9252e8666c37fba3c543457432)] -&gt; css selector: a[href=&quot;/htc-one-m8-android-l-50-lollipop&quot;]]
Session ID: a7bdfe9252e8666c37fba3c543457432
	at sun.reflect.NativeConstructorAccessorImpl.newInstance0(Native Method)
	at sun.reflect.NativeConstructorAccessorImpl.newInstance(NativeConstructorAccessorImpl.java:62)
	at sun.reflect.DelegatingConstructorAccessorImpl.newInstance(DelegatingConstructorAccessorImpl.java:45)
	at java.lang.reflect.Constructor.newInstance(Constructor.java:423)
	at org.openqa.selenium.remote.codec.w3c.W3CHttpResponseCodec.createException(W3CHttpResponseCodec.java:200)
	at org.openqa.selenium.remote.codec.w3c.W3CHttpResponseCodec.decode(W3CHttpResponseCodec.java:133)
	at org.openqa.selenium.remote.codec.w3c.W3CHttpResponseCodec.decode(W3CHttpResponseCodec.java:53)
	at org.openqa.selenium.remote.HttpCommandExecutor.execute(HttpCommandExecutor.java:184)
	at org.openqa.selenium.remote.service.DriverCommandExecutor.invokeExecute(DriverCommandExecutor.java:167)
	at org.openqa.selenium.remote.service.DriverCommandExecutor.execute(DriverCommandExecutor.java:142)
	at org.openqa.selenium.remote.RemoteWebDriver.execute(RemoteWebDriver.java:567)
	at org.openqa.selenium.remote.RemoteWebElement.execute(RemoteWebElement.java:251)
	at org.openqa.selenium.remote.RemoteWebElement.click(RemoteWebElement.java:77)
	at org.example.StepDefinition.D10_WishStepDef.click_on_HTC_One_M8_Android(D10_WishStepDef.java:15)
	at ✽.click on HTC_One_M8_Android(file:///C:/Users/Mohamed/IdeaProjects/demoNopcommerceProject/src/main/resources/features/F10_Wish.feature:12)
&amp;#27;[0m
  &amp;#27;[36mAnd &amp;#27;[0m&amp;#27;[36madd HTC_One_M8_Android to wishlist&amp;#27;[0m                          &amp;#27;[90m# org.example.StepDefinition.D10_WishStepDef.add_HTC_One_M8_Android_to_wishlist()&amp;#27;[0m
  &amp;#27;[36mThen &amp;#27;[0m&amp;#27;[36msuccess message appears__1&amp;#27;[0m                                 &amp;#27;[90m# org.example.StepDefinition.D10_WishStepDef.success_message_appears__1()&amp;#27;[0m
  &amp;#27;[36mWhen &amp;#27;[0m&amp;#27;[36mclick on Portable_Sound_Speakers&amp;#27;[0m                           &amp;#27;[90m# org.example.StepDefinition.D10_WishStepDef.click_on_Portable_Sound_Speakers()&amp;#27;[0m
  &amp;#27;[36mAnd &amp;#27;[0m&amp;#27;[36madd Portable_Sound_Speakers to wishlist&amp;#27;[0m                     &amp;#27;[90m# org.example.StepDefinition.D10_WishStepDef.add_Portable_Sound_Speakers_to_wishlist()&amp;#27;[0m
  &amp;#27;[36mThen &amp;#27;[0m&amp;#27;[36msuccess message appears__2&amp;#27;[0m                                 &amp;#27;[90m# org.example.StepDefinition.D10_WishStepDef.success_message_appears__2()&amp;#27;[0m
  &amp;#27;[36mWhen &amp;#27;[0m&amp;#27;[36mgo to digital_downloads&amp;#27;[0m                                    &amp;#27;[90m# org.example.StepDefinition.D10_WishStepDef.go_to_digital_downloads()&amp;#27;[0m
  &amp;#27;[36mAnd &amp;#27;[0m&amp;#27;[36mclick on Science_and_Faith&amp;#27;[0m                                  &amp;#27;[90m# org.example.StepDefinition.D10_WishStepDef.click_on_Science_and_Faith()&amp;#27;[0m
  &amp;#27;[36mAnd &amp;#27;[0m&amp;#27;[36mfill mandatory field&amp;#27;[0m                                        &amp;#27;[90m# org.example.StepDefinition.D10_WishStepDef.fill_mandatory_field()&amp;#27;[0m
  &amp;#27;[36mAnd &amp;#27;[0m&amp;#27;[36mclick on add_to_wishlist&amp;#27;[0m                                    &amp;#27;[90m# org.example.StepDefinition.D10_WishStepDef.click_on_add_to_wishlist()&amp;#27;[0m
  &amp;#27;[36mThen &amp;#27;[0m&amp;#27;[36msuccess message appears__3&amp;#27;[0m                                 &amp;#27;[90m# org.example.StepDefinition.D10_WishStepDef.success_message_appears__3()&amp;#27;[0m
</system-out>
    <system-err>[main] INFO io.github.bonigarcia.wdm.WebDriverManager - Using chromedriver 102.0.5005.61 (resolved driver for Chrome 102)
[main] INFO io.github.bonigarcia.wdm.WebDriverManager - Exporting webdriver.chrome.driver as C:\Users\Mohamed\.cache\selenium\chromedriver\win32\102.0.5005.61\chromedriver.exe
Starting ChromeDriver 102.0.5005.61 (0e59bcc00cc4985ce39ad31c150065f159d95ad3-refs/branch-heads/5005@{#819}) on port 63130
Only local connections are allowed.
Please see https://chromedriver.chromium.org/security-considerations for suggestions on keeping ChromeDriver safe.
ChromeDriver was started successfully.
Jun 20, 2022 2:44:50 PM org.openqa.selenium.remote.ProtocolHandshake createSession
INFO: Detected dialect: W3C
Jun 20, 2022 2:44:51 PM org.openqa.selenium.devtools.CdpVersionFinder findNearestMatch
INFO: Found exact CDP implementation for version 102
</system-err>
  </testcase>
  <testcase classname="org.example.Runner.Runner" name="runScenario" time="55.21">
    <failure message="Error in product link expected [true] but found [false]" type="java.lang.AssertionError">java.lang.AssertionError: Error in product link expected [true] but found [false]
	at org.testng.Assert.fail(Assert.java:110)
	at org.testng.Assert.failNotEquals(Assert.java:1413)
	at org.testng.Assert.assertTrue(Assert.java:56)
	at org.example.StepDefinition.D11_SliderStepDef.navigated_slider_product_one(D11_SliderStepDef.java:22)
	at ✽.should navigated to the slider_product_one page(file:///C:/Users/Mohamed/IdeaProjects/demoNopcommerceProject/src/main/resources/features/F11_Slider.feature:13)
</failure>
    <system-out>
@Runner
Scenario: user could click on page sliders                        &amp;#27;[90m# src/main/resources/features/F11_Slider.feature:11&amp;#27;[0m
  &amp;#27;[32mGiven &amp;#27;[0m&amp;#27;[32muser navigate to Home page&amp;#27;[0m                                &amp;#27;[90m# org.example.StepDefinition.D02_LoginStepDef.user_navigate_to_Home_page()&amp;#27;[0m
  &amp;#27;[32mAnd &amp;#27;[0m&amp;#27;[32muser click on login&amp;#27;[0m                                         &amp;#27;[90m# org.example.StepDefinition.D02_LoginStepDef.user_click_on_login()&amp;#27;[0m
  &amp;#27;[32mWhen &amp;#27;[0m&amp;#27;[32muser enter valid &quot;&amp;#27;[0m&amp;#27;[32m&amp;#27;[1mtest133@gmail.com&amp;#27;[0m&amp;#27;[32m&quot; and valid &quot;&amp;#27;[0m&amp;#27;[32m&amp;#27;[1mQwert6613&amp;#27;[0m&amp;#27;[32m&quot;&amp;#27;[0m &amp;#27;[90m# org.example.StepDefinition.D02_LoginStepDef.user_enter_valid_email(java.lang.String,java.lang.String)&amp;#27;[0m
  &amp;#27;[32mAnd &amp;#27;[0m&amp;#27;[32muser clicks login button&amp;#27;[0m                                    &amp;#27;[90m# org.example.StepDefinition.D02_LoginStepDef.user_clicks_login_button()&amp;#27;[0m
  &amp;#27;[32mThen &amp;#27;[0m&amp;#27;[32muser logged in successfully&amp;#27;[0m                                &amp;#27;[90m# org.example.StepDefinition.D02_LoginStepDef.user_logged_in_successfully()&amp;#27;[0m
  &amp;#27;[32mWhen &amp;#27;[0m&amp;#27;[32muser click on buton_one and click on slider_one&amp;#27;[0m            &amp;#27;[90m# org.example.StepDefinition.D11_SliderStepDef.click_slider_one()&amp;#27;[0m
  &amp;#27;[31mAnd &amp;#27;[0m&amp;#27;[31mshould navigated to the slider_product_one page&amp;#27;[0m             &amp;#27;[90m# org.example.StepDefinition.D11_SliderStepDef.navigated_slider_product_one()&amp;#27;[0m
      &amp;#27;[31mjava.lang.AssertionError: Error in product link expected [true] but found [false]
	at org.testng.Assert.fail(Assert.java:110)
	at org.testng.Assert.failNotEquals(Assert.java:1413)
	at org.testng.Assert.assertTrue(Assert.java:56)
	at org.example.StepDefinition.D11_SliderStepDef.navigated_slider_product_one(D11_SliderStepDef.java:22)
	at ✽.should navigated to the slider_product_one page(file:///C:/Users/Mohamed/IdeaProjects/demoNopcommerceProject/src/main/resources/features/F11_Slider.feature:13)
&amp;#27;[0m
  &amp;#27;[36mWhen &amp;#27;[0m&amp;#27;[36muser click on buton_two and click on slider_two&amp;#27;[0m            &amp;#27;[90m# org.example.StepDefinition.D11_SliderStepDef.click_slider_two()&amp;#27;[0m
  &amp;#27;[36mAnd &amp;#27;[0m&amp;#27;[36mshould navigated to the slider_product_two page&amp;#27;[0m             &amp;#27;[90m# org.example.StepDefinition.D11_SliderStepDef.navigated_slider_product_two()&amp;#27;[0m
</system-out>
    <system-err>[main] INFO io.github.bonigarcia.wdm.WebDriverManager - Using chromedriver 102.0.5005.61 (resolved driver for Chrome 102)
[main] INFO io.github.bonigarcia.wdm.WebDriverManager - Exporting webdriver.chrome.driver as C:\Users\Mohamed\.cache\selenium\chromedriver\win32\102.0.5005.61\chromedriver.exe
Starting ChromeDriver 102.0.5005.61 (0e59bcc00cc4985ce39ad31c150065f159d95ad3-refs/branch-heads/5005@{#819}) on port 49863
Only local connections are allowed.
Please see https://chromedriver.chromium.org/security-considerations for suggestions on keeping ChromeDriver safe.
ChromeDriver was started successfully.
Jun 20, 2022 2:45:43 PM org.openqa.selenium.remote.ProtocolHandshake createSession
INFO: Detected dialect: W3C
Jun 20, 2022 2:45:43 PM org.openqa.selenium.devtools.CdpVersionFinder findNearestMatch
INFO: Found exact CDP implementation for version 102
</system-err>
  </testcase>
  <testcase classname="org.example.Runner.Runner" name="runScenario" time="68.21"/>
  <testcase classname="org.example.Runner.Runner" name="runScenario" time="78.677"/>
  <testcase classname="org.example.Runner.Runner" name="runScenario" time="46.908">
    <failure message="Index: 1, Size: 1" type="java.lang.IndexOutOfBoundsException">java.lang.IndexOutOfBoundsException: Index: 1, Size: 1
	at java.util.ArrayList.rangeCheck(ArrayList.java:659)
	at java.util.ArrayList.get(ArrayList.java:435)
	at org.example.StepDefinition.D12_FollowUsStepDef.click_rss(D12_FollowUsStepDef.java:54)
	at ✽.user click on rss(file:///C:/Users/Mohamed/IdeaProjects/demoNopcommerceProject/src/main/resources/features/F12_FollowUs.feature:20)
</failure>
    <system-out>
@Runner
Scenario: User Follow rss                                                      &amp;#27;[90m# src/main/resources/features/F12_FollowUs.feature:19&amp;#27;[0m
  &amp;#27;[32mGiven &amp;#27;[0m&amp;#27;[32muser navigate to Home page&amp;#27;[0m                                             &amp;#27;[90m# org.example.StepDefinition.D02_LoginStepDef.user_navigate_to_Home_page()&amp;#27;[0m
  &amp;#27;[32mAnd &amp;#27;[0m&amp;#27;[32muser click on login&amp;#27;[0m                                                      &amp;#27;[90m# org.example.StepDefinition.D02_LoginStepDef.user_click_on_login()&amp;#27;[0m
  &amp;#27;[32mWhen &amp;#27;[0m&amp;#27;[32muser enter valid &quot;&amp;#27;[0m&amp;#27;[32m&amp;#27;[1mtest133@gmail.com&amp;#27;[0m&amp;#27;[32m&quot; and valid &quot;&amp;#27;[0m&amp;#27;[32m&amp;#27;[1mQwert6613&amp;#27;[0m&amp;#27;[32m&quot;&amp;#27;[0m              &amp;#27;[90m# org.example.StepDefinition.D02_LoginStepDef.user_enter_valid_email(java.lang.String,java.lang.String)&amp;#27;[0m
  &amp;#27;[32mAnd &amp;#27;[0m&amp;#27;[32muser clicks login button&amp;#27;[0m                                                 &amp;#27;[90m# org.example.StepDefinition.D02_LoginStepDef.user_clicks_login_button()&amp;#27;[0m
  &amp;#27;[32mThen &amp;#27;[0m&amp;#27;[32muser logged in successfully&amp;#27;[0m                                             &amp;#27;[90m# org.example.StepDefinition.D02_LoginStepDef.user_logged_in_successfully()&amp;#27;[0m
  &amp;#27;[31mWhen &amp;#27;[0m&amp;#27;[31muser click on rss&amp;#27;[0m                                                       &amp;#27;[90m# org.example.StepDefinition.D12_FollowUsStepDef.click_rss()&amp;#27;[0m
      &amp;#27;[31mjava.lang.IndexOutOfBoundsException: Index: 1, Size: 1
	at java.util.ArrayList.rangeCheck(ArrayList.java:659)
	at java.util.ArrayList.get(ArrayList.java:435)
	at org.example.StepDefinition.D12_FollowUsStepDef.click_rss(D12_FollowUsStepDef.java:54)
	at ✽.user click on rss(file:///C:/Users/Mohamed/IdeaProjects/demoNopcommerceProject/src/main/resources/features/F12_FollowUs.feature:20)
&amp;#27;[0m
  &amp;#27;[36mThen &amp;#27;[0m&amp;#27;[36mnavigated to rss &quot;&amp;#27;[0m&amp;#27;[36m&amp;#27;[1mhttps://demo.nopcommerce.com/nopcommerce-new-release&amp;#27;[0m&amp;#27;[36m&quot;&amp;#27;[0m &amp;#27;[90m# org.example.StepDefinition.D12_FollowUsStepDef.navigate_rss(java.lang.String)&amp;#27;[0m
</system-out>
    <system-err>[main] INFO io.github.bonigarcia.wdm.WebDriverManager - Using chromedriver 102.0.5005.61 (resolved driver for Chrome 102)
[main] INFO io.github.bonigarcia.wdm.WebDriverManager - Exporting webdriver.chrome.driver as C:\Users\Mohamed\.cache\selenium\chromedriver\win32\102.0.5005.61\chromedriver.exe
Starting ChromeDriver 102.0.5005.61 (0e59bcc00cc4985ce39ad31c150065f159d95ad3-refs/branch-heads/5005@{#819}) on port 52044
Only local connections are allowed.
Please see https://chromedriver.chromium.org/security-considerations for suggestions on keeping ChromeDriver safe.
ChromeDriver was started successfully.
Jun 20, 2022 2:49:05 PM org.openqa.selenium.remote.ProtocolHandshake createSession
INFO: Detected dialect: W3C
Jun 20, 2022 2:49:06 PM org.openqa.selenium.devtools.CdpVersionFinder findNearestMatch
INFO: Found exact CDP implementation for version 102
</system-err>
  </testcase>
  <testcase classname="org.example.Runner.Runner" name="runScenario" time="110.02"/>
</testsuite>