<?xml version="1.0" encoding="UTF-8"?>
<!-- Generated by org.testng.reporters.JUnitReportReporter -->
<testsuite skipped="0" hostname="NaYeL" name="org.example.Runner.Runner" tests="21" failures="1" timestamp="2022-06-15T00:41:53 EET" time="643.855" errors="1">
  <testcase name="runScenario" time="48.605" classname="org.example.Runner.Runner"/>
  <system-out/>
  <testcase name="runScenario" time="35.353" classname="org.example.Runner.Runner"/>
  <system-out/>
  <testcase name="runScenario" time="28.215" classname="org.example.Runner.Runner"/>
  <system-out/>
  <testcase name="runScenario" time="52.217" classname="org.example.Runner.Runner"/>
  <system-out/>
  <testcase name="runScenario" time="27.207" classname="org.example.Runner.Runner">
    <failure type="java.lang.AssertionError" message="Error in product link expected [true] but found [false]">
      <![CDATA[java.lang.AssertionError: Error in product link expected [true] but found [false]
at org.testng.Assert.fail(Assert.java:110)
at org.testng.Assert.failNotEquals(Assert.java:1413)
at org.testng.Assert.assertTrue(Assert.java:56)
at org.example.StepDefinition.D11_SliderStepDef.navigated_slider_product_one(D11_SliderStepDef.java:22)
at ✽.should navigated to the slider_product_one page(file:///C:/Users/Mohamed/IdeaProjects/demoNopcommerceProject/src/main/resources/features/F11_Slider.feature:13)
]]>
    </failure>
  </testcase> <!-- runScenario -->
  <system-out/>
  <testcase name="runScenario" time="22.255" classname="org.example.Runner.Runner"/>
  <system-out/>
  <testcase name="runScenario" time="28.058" classname="org.example.Runner.Runner"/>
  <system-out/>
  <testcase name="runScenario" time="32.880" classname="org.example.Runner.Runner"/>
  <system-out/>
  <testcase name="runScenario" time="19.602" classname="org.example.Runner.Runner"/>
  <system-out/>
  <testcase name="runScenario" time="22.703" classname="org.example.Runner.Runner">
    <error type="java.lang.IndexOutOfBoundsException" message="Index: 1, Size: 1">
      <![CDATA[java.lang.IndexOutOfBoundsException: Index: 1, Size: 1
at java.util.ArrayList.rangeCheck(ArrayList.java:659)
at java.util.ArrayList.get(ArrayList.java:435)
at org.example.StepDefinition.D12_FollowUsStepDef.click_rss(D12_FollowUsStepDef.java:55)
at ✽.user click on rss(file:///C:/Users/Mohamed/IdeaProjects/demoNopcommerceProject/src/main/resources/features/F12_FollowUs.feature:20)
]]>
    </error>
  </testcase> <!-- runScenario -->
  <system-out/>
  <testcase name="runScenario" time="28.055" classname="org.example.Runner.Runner"/>
  <system-out/>
  <testcase name="runScenario" time="26.388" classname="org.example.Runner.Runner"/>
  <system-out/>
  <testcase name="runScenario" time="39.387" classname="org.example.Runner.Runner"/>
  <system-out/>
  <testcase name="runScenario" time="28.433" classname="org.example.Runner.Runner"/>
  <system-out/>
  <testcase name="runScenario" time="27.703" classname="org.example.Runner.Runner"/>
  <system-out/>
  <testcase name="runScenario" time="29.532" classname="org.example.Runner.Runner"/>
  <system-out/>
  <testcase name="runScenario" time="27.037" classname="org.example.Runner.Runner"/>
  <system-out/>
  <testcase name="runScenario" time="25.297" classname="org.example.Runner.Runner"/>
  <system-out/>
  <testcase name="runScenario" time="27.899" classname="org.example.Runner.Runner"/>
  <system-out/>
  <testcase name="runScenario" time="43.319" classname="org.example.Runner.Runner"/>
  <system-out/>
  <testcase name="runScenario" time="23.710" classname="org.example.Runner.Runner"/>
  <system-out/>
</testsuite> <!-- org.example.Runner.Runner -->
